CRITICAL - 2021-11-03 06:32:31 --> There is no data to update.
#0 /opt/lampp/htdocs/mahasiswabaru/vendor/codeigniter4/framework/system/BaseModel.php(1570): CodeIgniter\Database\Exceptions\DataException::forEmptyDataset()
#1 /opt/lampp/htdocs/mahasiswabaru/vendor/codeigniter4/framework/system/BaseModel.php(832): CodeIgniter\BaseModel->transformDataToArray()
#2 /opt/lampp/htdocs/mahasiswabaru/vendor/codeigniter4/framework/system/Model.php(646): CodeIgniter\BaseModel->update()
#3 /opt/lampp/htdocs/mahasiswabaru/app/Controllers/Datamahasiswa.php(53): CodeIgniter\Model->update()
#4 /opt/lampp/htdocs/mahasiswabaru/vendor/codeigniter4/framework/system/CodeIgniter.php(802): App\Controllers\Datamahasiswa->ubahdata()
#5 /opt/lampp/htdocs/mahasiswabaru/vendor/codeigniter4/framework/system/CodeIgniter.php(399): CodeIgniter\CodeIgniter->runController()
#6 /opt/lampp/htdocs/mahasiswabaru/vendor/codeigniter4/framework/system/CodeIgniter.php(317): CodeIgniter\CodeIgniter->handleRequest()
#7 /opt/lampp/htdocs/mahasiswabaru/public/index.php(37): CodeIgniter\CodeIgniter->run()
#8 /opt/lampp/htdocs/mahasiswabaru/vendor/codeigniter4/framework/system/Commands/Server/rewrite.php(43): require_once('...')
#9 {main}
CRITICAL - 2021-11-03 07:11:10 --> There is no data to insert.
#0 /opt/lampp/htdocs/mahasiswabaru/vendor/codeigniter4/framework/system/BaseModel.php(718): CodeIgniter\Database\Exceptions\DataException::forEmptyDataset()
#1 /opt/lampp/htdocs/mahasiswabaru/vendor/codeigniter4/framework/system/Model.php(620): CodeIgniter\BaseModel->insert()
#2 /opt/lampp/htdocs/mahasiswabaru/app/Controllers/Datamahasiswa.php(43): CodeIgniter\Model->insert()
#3 /opt/lampp/htdocs/mahasiswabaru/vendor/codeigniter4/framework/system/CodeIgniter.php(802): App\Controllers\Datamahasiswa->tambahdata()
#4 /opt/lampp/htdocs/mahasiswabaru/vendor/codeigniter4/framework/system/CodeIgniter.php(399): CodeIgniter\CodeIgniter->runController()
#5 /opt/lampp/htdocs/mahasiswabaru/vendor/codeigniter4/framework/system/CodeIgniter.php(317): CodeIgniter\CodeIgniter->handleRequest()
#6 /opt/lampp/htdocs/mahasiswabaru/public/index.php(37): CodeIgniter\CodeIgniter->run()
#7 /opt/lampp/htdocs/mahasiswabaru/vendor/codeigniter4/framework/system/Commands/Server/rewrite.php(43): require_once('...')
#8 {main}
