CRITICAL - 2021-11-22 03:04:32 --> Object of class stdClass could not be converted to string
#0 /opt/lampp/htdocs/restmahasiswabaru/vendor/codeigniter4/framework/system/Database/Query.php(328): strtr()
#1 /opt/lampp/htdocs/restmahasiswabaru/vendor/codeigniter4/framework/system/Database/Query.php(302): CodeIgniter\Database\Query->matchNamedBinds()
#2 /opt/lampp/htdocs/restmahasiswabaru/vendor/codeigniter4/framework/system/Database/Query.php(150): CodeIgniter\Database\Query->compileBinds()
#3 /opt/lampp/htdocs/restmahasiswabaru/vendor/codeigniter4/framework/system/Database/BaseConnection.php(591): CodeIgniter\Database\Query->getQuery()
#4 /opt/lampp/htdocs/restmahasiswabaru/vendor/codeigniter4/framework/system/Database/BaseBuilder.php(1428): CodeIgniter\Database\BaseConnection->query()
#5 /opt/lampp/htdocs/restmahasiswabaru/vendor/codeigniter4/framework/system/Model.php(210): CodeIgniter\Database\BaseBuilder->get()
#6 /opt/lampp/htdocs/restmahasiswabaru/vendor/codeigniter4/framework/system/BaseModel.php(622): CodeIgniter\Model->doFirst()
#7 /opt/lampp/htdocs/restmahasiswabaru/app/Controllers/Auth.php(32): CodeIgniter\BaseModel->first()
#8 /opt/lampp/htdocs/restmahasiswabaru/vendor/codeigniter4/framework/system/CodeIgniter.php(802): App\Controllers\Auth->login()
#9 /opt/lampp/htdocs/restmahasiswabaru/vendor/codeigniter4/framework/system/CodeIgniter.php(399): CodeIgniter\CodeIgniter->runController()
#10 /opt/lampp/htdocs/restmahasiswabaru/vendor/codeigniter4/framework/system/CodeIgniter.php(317): CodeIgniter\CodeIgniter->handleRequest()
#11 /opt/lampp/htdocs/restmahasiswabaru/public/index.php(37): CodeIgniter\CodeIgniter->run()
#12 /opt/lampp/htdocs/restmahasiswabaru/vendor/codeigniter4/framework/system/Commands/Server/rewrite.php(43): require_once('...')
#13 {main}
CRITICAL - 2021-11-22 03:06:05 --> Object of class stdClass could not be converted to string
#0 /opt/lampp/htdocs/restmahasiswabaru/vendor/codeigniter4/framework/system/Database/Query.php(328): strtr()
#1 /opt/lampp/htdocs/restmahasiswabaru/vendor/codeigniter4/framework/system/Database/Query.php(302): CodeIgniter\Database\Query->matchNamedBinds()
#2 /opt/lampp/htdocs/restmahasiswabaru/vendor/codeigniter4/framework/system/Database/Query.php(150): CodeIgniter\Database\Query->compileBinds()
#3 /opt/lampp/htdocs/restmahasiswabaru/vendor/codeigniter4/framework/system/Database/BaseConnection.php(591): CodeIgniter\Database\Query->getQuery()
#4 /opt/lampp/htdocs/restmahasiswabaru/vendor/codeigniter4/framework/system/Database/BaseBuilder.php(1428): CodeIgniter\Database\BaseConnection->query()
#5 /opt/lampp/htdocs/restmahasiswabaru/vendor/codeigniter4/framework/system/Model.php(210): CodeIgniter\Database\BaseBuilder->get()
#6 /opt/lampp/htdocs/restmahasiswabaru/vendor/codeigniter4/framework/system/BaseModel.php(622): CodeIgniter\Model->doFirst()
#7 /opt/lampp/htdocs/restmahasiswabaru/app/Controllers/Auth.php(31): CodeIgniter\BaseModel->first()
#8 /opt/lampp/htdocs/restmahasiswabaru/vendor/codeigniter4/framework/system/CodeIgniter.php(802): App\Controllers\Auth->login()
#9 /opt/lampp/htdocs/restmahasiswabaru/vendor/codeigniter4/framework/system/CodeIgniter.php(399): CodeIgniter\CodeIgniter->runController()
#10 /opt/lampp/htdocs/restmahasiswabaru/vendor/codeigniter4/framework/system/CodeIgniter.php(317): CodeIgniter\CodeIgniter->handleRequest()
#11 /opt/lampp/htdocs/restmahasiswabaru/public/index.php(37): CodeIgniter\CodeIgniter->run()
#12 /opt/lampp/htdocs/restmahasiswabaru/vendor/codeigniter4/framework/system/Commands/Server/rewrite.php(43): require_once('...')
#13 {main}
